<?xml version="1.0" encoding="UTF-8"?>
<!-- Generated by org.testng.reporters.JUnitReportReporter -->
<testsuite hostname="LAPTOP-R53NRQ7J" failures="0" tests="1" name="com.selenium.AppTest" time="0.005" errors="0" timestamp="2025-04-16T23:36:37 IST" skipped="0">
  <testcase classname="com.selenium.AppTest" name="testExample" time="0.005"/>
  <system-out/>
</testsuite> <!-- com.selenium.AppTest -->
